<?xml version="1.0"?>
<testsuites tests="9" failures="0">
  <testsuite id="0" name="Load Test Validations" tests="7" failures="0">
    <testcase name="investorId exists" classname="Load Test Validations" />
    <testcase name="investorName exists" classname="Load Test Validations" />
    <testcase name="totalCommitment exists" classname="Load Test Validations" />
    <testcase name="totalCalled exists" classname="Load Test Validations" />
    <testcase name="totalDistributed exists" classname="Load Test Validations" />
    <testcase name="funds array exists" classname="Load Test Validations" />
    <testcase name="first fund name exists" classname="Load Test Validations" />
  </testsuite>
  <testsuite id="1" name="Thresholds" tests="2" failures="0">
    <testcase name="http_req_failed: rate&lt;0.01" classname="Thresholds" />
    <testcase name="response_time: p(95)&lt;2000" classname="Thresholds" />
  </testsuite>
</testsuites>